<?xml version="1.0" encoding="UTF-8"?>
<!-- Generated by org.testng.reporters.JUnitReportReporter -->
<testsuite hostname="DESKTOP-H6S0I8U" failures="0" tests="1" name="package1_practice_amazon.amazon_system_practice.Class2_InvalidLogin" time="6.105" errors="0" timestamp="2024-07-23T15:46:44 IST" skipped="0">
  <testcase classname="package1_practice_amazon.amazon_system_practice.Class2_InvalidLogin" name="Invalid_login" time="6.105"/>
  <system-out>
    <![CDATA[this is the create account page]]>
  </system-out>
</testsuite> <!-- package1_practice_amazon.amazon_system_practice.Class2_InvalidLogin -->
