<?xml version="1.0" encoding="UTF-8"?>
<!-- Generated by org.testng.reporters.JUnitReportReporter -->
<testsuite hostname="DESKTOP-H6S0I8U" failures="0" tests="1" name="package1_practice_amazon.amazon_system_practice.Class4_ProfilePage" time="24.502" errors="0" timestamp="2024-07-22T14:48:31 IST" skipped="0">
  <testcase classname="package1_practice_amazon.amazon_system_practice.Class4_ProfilePage" name="Amazon_manageprofile" time="24.502">
    <system-out>
      <![CDATA[this is the create account page]]>
    </system-out>
  </testcase> <!-- Amazon_manageprofile -->
  <system-out>
    <![CDATA[this is the create account page
this is the create account page
this is the create account page]]>
  </system-out>
</testsuite> <!-- package1_practice_amazon.amazon_system_practice.Class4_ProfilePage -->
